<?xml version="1.0" encoding="UTF-8"?>
<!-- Generated by org.testng.reporters.JUnitXMLReporter -->
<testsuite ignored="0" hostname="VAISEKAR-M-W8MH" failures="0" tests="5" name="Default test" time="8.568" errors="0" timestamp="2023-05-22T15:52:16 IST">
  <testcase classname="com.simplilearn.capstone_for_postman.verify_post_get_put_del" name="createResource" time="2.754"/>
  <testcase classname="com.simplilearn.capstone_for_postman.verify_post_get_put_del" name="getResourceInfo" time="1.365"/>
  <testcase classname="com.simplilearn.capstone_for_postman.verify_post_get_put_del" name="updateResource" time="1.331"/>
  <testcase classname="com.simplilearn.capstone_for_postman.verify_post_get_put_del" name="verifyResourceUpdated" time="1.405"/>
  <testcase classname="com.simplilearn.capstone_for_postman.verify_post_get_put_del" name="deleteResource" time="1.342"/>
</testsuite> <!-- Default test -->
