<?xml version="1.0" encoding="UTF-8"?>
<!-- Generated by org.testng.reporters.JUnitXMLReporter -->
<testsuite ignored="0" hostname="VAISEKAR-M-W8MH" failures="0" tests="3" name="Default test" time="5.278" errors="0" timestamp="2023-03-09T16:36:41 IST">
  <testcase classname="com.cisco.SeleniumPro.MultipleValidation" name="verifyTitle" time="0.01"/>
  <testcase classname="com.cisco.SeleniumPro.MultipleValidation" name="verifyText" time="0.027"/>
  <testcase classname="com.cisco.SeleniumPro.MultipleValidation" name="verifyLoginBtnIsBlue" time="0.023"/>
</testsuite> <!-- Default test -->
