<?xml version="1.0" encoding="UTF-8"?>
<testng-results ignored="0" total="5" passed="5" failed="0" skipped="0">
  <reporter-output>
  </reporter-output>
  <suite started-at="2023-05-22T15:52:08 IST" name="Default suite" finished-at="2023-05-22T15:52:16 IST" duration-ms="8568">
    <groups>
    </groups>
    <test started-at="2023-05-22T15:52:08 IST" name="Default test" finished-at="2023-05-22T15:52:16 IST" duration-ms="8568">
      <class name="com.simplilearn.capstone_for_postman.verify_post_get_put_del">
        <test-method is-config="true" signature="createpPayLoad()[pri:0, instance:com.simplilearn.capstone_for_postman.verify_post_get_put_del@a8ef162]" started-at="2023-05-22T15:52:08 IST" name="createpPayLoad" finished-at="2023-05-22T15:52:08 IST" duration-ms="345" status="PASS">
          <reporter-output>
          </reporter-output>
        </test-method> <!-- createpPayLoad -->
        <test-method signature="createResource()[pri:0, instance:com.simplilearn.capstone_for_postman.verify_post_get_put_del@a8ef162]" started-at="2023-05-22T15:52:08 IST" name="createResource" finished-at="2023-05-22T15:52:11 IST" duration-ms="2754" status="PASS">
          <reporter-output>
          </reporter-output>
        </test-method> <!-- createResource -->
        <test-method signature="getResourceInfo()[pri:1, instance:com.simplilearn.capstone_for_postman.verify_post_get_put_del@a8ef162]" started-at="2023-05-22T15:52:11 IST" name="getResourceInfo" finished-at="2023-05-22T15:52:12 IST" duration-ms="1365" status="PASS">
          <reporter-output>
          </reporter-output>
        </test-method> <!-- getResourceInfo -->
        <test-method signature="updateResource()[pri:2, instance:com.simplilearn.capstone_for_postman.verify_post_get_put_del@a8ef162]" started-at="2023-05-22T15:52:12 IST" name="updateResource" finished-at="2023-05-22T15:52:13 IST" duration-ms="1331" status="PASS">
          <reporter-output>
          </reporter-output>
        </test-method> <!-- updateResource -->
        <test-method signature="verifyResourceUpdated()[pri:3, instance:com.simplilearn.capstone_for_postman.verify_post_get_put_del@a8ef162]" started-at="2023-05-22T15:52:13 IST" name="verifyResourceUpdated" finished-at="2023-05-22T15:52:15 IST" duration-ms="1405" status="PASS">
          <reporter-output>
          </reporter-output>
        </test-method> <!-- verifyResourceUpdated -->
        <test-method signature="deleteResource()[pri:4, instance:com.simplilearn.capstone_for_postman.verify_post_get_put_del@a8ef162]" started-at="2023-05-22T15:52:15 IST" name="deleteResource" finished-at="2023-05-22T15:52:16 IST" duration-ms="1342" status="PASS">
          <reporter-output>
          </reporter-output>
        </test-method> <!-- deleteResource -->
      </class> <!-- com.simplilearn.capstone_for_postman.verify_post_get_put_del -->
    </test> <!-- Default test -->
  </suite> <!-- Default suite -->
</testng-results>
