<?xml version="1.0" encoding="UTF-8"?>
<!-- Generated by org.testng.reporters.JUnitXMLReporter -->
<testsuite ignored="0" hostname="VAISEKAR-M-W8MH" failures="0" tests="3" name="Test" time="5.771" errors="0" timestamp="2023-03-09T17:20:53 IST">
  <testcase classname="com.cisco.SeleniumPro.MultipleValidation" name="verifyTitle" time="0.104"/>
  <testcase classname="com.cisco.SeleniumPro.MultipleValidation" name="verifyText" time="0.034"/>
  <testcase classname="com.cisco.SeleniumPro.MultipleValidation" name="verifyLoginBtnIsBlue" time="0.031"/>
</testsuite> <!-- Test -->
